<?xml version="1.0" encoding="UTF-8"?>
<testsuite name="CalculatorTest" tests="1" skipped="0" failures="0" errors="0" timestamp="2025-09-06T14:59:01.986Z" hostname="laptop-flsusp" time="0.012">
  <properties/>
  <testcase name="shouldSubtractTwoNumbers" classname="CalculatorTest" time="0.012"/>
  <system-out><![CDATA[]]></system-out>
  <system-err><![CDATA[]]></system-err>
</testsuite>
