<?xml version="1.0" encoding="UTF-8"?>
<testsuite name="CalculatorTest" tests="5" skipped="0" failures="0" errors="0" timestamp="2025-09-06T15:10:37.091Z" hostname="laptop-flsusp" time="0.027">
  <properties/>
  <testcase name="shouldSubtractTwoNumbers" classname="CalculatorTest" time="0.025"/>
  <testcase name="shouldSumTwoNumbers" classname="CalculatorTest" time="0.0"/>
  <testcase name="shouldDivideTwoNumbers" classname="CalculatorTest" time="0.0"/>
  <testcase name="shouldMultiplyTwoNumbers" classname="CalculatorTest" time="0.0"/>
  <testcase name="shouldCalculateCrazyCount" classname="CalculatorTest" time="0.0"/>
  <system-out><![CDATA[]]></system-out>
  <system-err><![CDATA[]]></system-err>
</testsuite>
